<?xml version="1.0" encoding="UTF-8"?>
<testsuite xmlns:xsi="http://www.w3.org/2001/XMLSchema-instance" xsi:noNamespaceSchemaLocation="https://maven.apache.org/surefire/maven-surefire-plugin/xsd/surefire-test-report.xsd" name="com.ge.dspmicro.AppTest" time="0.022" tests="1" errors="0" skipped="0" failures="0">
  <properties>
    <property name="sun.desktop" value="windows"/>
    <property name="awt.toolkit" value="sun.awt.windows.WToolkit"/>
    <property name="file.encoding.pkg" value="sun.io"/>
    <property name="java.specification.version" value="1.8"/>
    <property name="sun.cpu.isalist" value="amd64"/>
    <property name="sun.jnu.encoding" value="Cp1252"/>
    <property name="java.class.path" value="D:\workspaces\workspace-eoqp\energy-subscriptionmachineadapter\target\test-classes;D:\workspaces\workspace-eoqp\energy-subscriptionmachineadapter\target\classes;C:\Users\nadeem.ahmed\.m2\repository\junit\junit\3.8.1\junit-3.8.1.jar;C:\Users\nadeem.ahmed\.m2\repository\org\osgi\org.osgi.core\5.0.0\org.osgi.core-5.0.0.jar;C:\Users\nadeem.ahmed\.m2\repository\org\osgi\org.osgi.compendium\5.0.0\org.osgi.compendium-5.0.0.jar;C:\Users\nadeem.ahmed\.m2\repository\org\slf4j\slf4j-api\1.7.21\slf4j-api-1.7.21.jar;C:\Users\nadeem.ahmed\.m2\repository\com\ge\dspmicro\machinegateway-api\17.1.0\machinegateway-api-17.1.0.jar;C:\Users\nadeem.ahmed\.m2\repository\com\ge\dspmicro\device-common\17.1.0\device-common-17.1.0.jar;C:\Users\nadeem.ahmed\.m2\repository\biz\aQute\bnd\biz.aQute.bndlib\3.2.0\biz.aQute.bndlib-3.2.0.jar;C:\Users\nadeem.ahmed\.m2\repository\com\fasterxml\jackson\core\jackson-core\2.8.8\jackson-core-2.8.8.jar;C:\Users\nadeem.ahmed\.m2\repository\com\fasterxml\jackson\dataformat\jackson-dataformat-xml\2.8.8\jackson-dataformat-xml-2.8.8.jar;C:\Users\nadeem.ahmed\.m2\repository\com\fasterxml\jackson\core\jackson-annotations\2.8.0\jackson-annotations-2.8.0.jar;C:\Users\nadeem.ahmed\.m2\repository\com\fasterxml\jackson\core\jackson-databind\2.8.8\jackson-databind-2.8.8.jar;C:\Users\nadeem.ahmed\.m2\repository\com\fasterxml\jackson\module\jackson-module-jaxb-annotations\2.8.8\jackson-module-jaxb-annotations-2.8.8.jar;C:\Users\nadeem.ahmed\.m2\repository\org\codehaus\woodstox\stax2-api\3.1.4\stax2-api-3.1.4.jar;C:\Users\nadeem.ahmed\.m2\repository\com\fasterxml\woodstox\woodstox-core\5.0.3\woodstox-core-5.0.3.jar;C:\Users\nadeem.ahmed\.m2\repository\org\apache\commons\commons-lang3\3.4\commons-lang3-3.4.jar;C:\Users\nadeem.ahmed\.m2\repository\org\json\json\20140107\json-20140107.jar;"/>
    <property name="java.vm.vendor" value="Oracle Corporation"/>
    <property name="sun.arch.data.model" value="64"/>
    <property name="user.variant" value=""/>
    <property name="java.vendor.url" value="http://java.oracle.com/"/>
    <property name="user.timezone" value=""/>
    <property name="java.vm.specification.version" value="1.8"/>
    <property name="os.name" value="Windows 10"/>
    <property name="user.country" value="US"/>
    <property name="sun.java.launcher" value="SUN_STANDARD"/>
    <property name="sun.boot.library.path" value="C:\Program Files\Java\jdk1.8.0_112\jre\bin"/>
    <property name="sun.java.command" value="C:\Users\NADEEM~1.AHM\AppData\Local\Temp\surefire7475533004441346774\surefirebooter7831129940222099107.jar C:\Users\nadeem.ahmed\AppData\Local\Temp\surefire7475533004441346774 2017-10-13T10-35-08_129-jvmRun1 surefire4357086984849609130tmp surefire_09002677730916293149tmp"/>
    <property name="surefire.test.class.path" value="D:\workspaces\workspace-eoqp\energy-subscriptionmachineadapter\target\test-classes;D:\workspaces\workspace-eoqp\energy-subscriptionmachineadapter\target\classes;C:\Users\nadeem.ahmed\.m2\repository\junit\junit\3.8.1\junit-3.8.1.jar;C:\Users\nadeem.ahmed\.m2\repository\org\osgi\org.osgi.core\5.0.0\org.osgi.core-5.0.0.jar;C:\Users\nadeem.ahmed\.m2\repository\org\osgi\org.osgi.compendium\5.0.0\org.osgi.compendium-5.0.0.jar;C:\Users\nadeem.ahmed\.m2\repository\org\slf4j\slf4j-api\1.7.21\slf4j-api-1.7.21.jar;C:\Users\nadeem.ahmed\.m2\repository\com\ge\dspmicro\machinegateway-api\17.1.0\machinegateway-api-17.1.0.jar;C:\Users\nadeem.ahmed\.m2\repository\com\ge\dspmicro\device-common\17.1.0\device-common-17.1.0.jar;C:\Users\nadeem.ahmed\.m2\repository\biz\aQute\bnd\biz.aQute.bndlib\3.2.0\biz.aQute.bndlib-3.2.0.jar;C:\Users\nadeem.ahmed\.m2\repository\com\fasterxml\jackson\core\jackson-core\2.8.8\jackson-core-2.8.8.jar;C:\Users\nadeem.ahmed\.m2\repository\com\fasterxml\jackson\dataformat\jackson-dataformat-xml\2.8.8\jackson-dataformat-xml-2.8.8.jar;C:\Users\nadeem.ahmed\.m2\repository\com\fasterxml\jackson\core\jackson-annotations\2.8.0\jackson-annotations-2.8.0.jar;C:\Users\nadeem.ahmed\.m2\repository\com\fasterxml\jackson\core\jackson-databind\2.8.8\jackson-databind-2.8.8.jar;C:\Users\nadeem.ahmed\.m2\repository\com\fasterxml\jackson\module\jackson-module-jaxb-annotations\2.8.8\jackson-module-jaxb-annotations-2.8.8.jar;C:\Users\nadeem.ahmed\.m2\repository\org\codehaus\woodstox\stax2-api\3.1.4\stax2-api-3.1.4.jar;C:\Users\nadeem.ahmed\.m2\repository\com\fasterxml\woodstox\woodstox-core\5.0.3\woodstox-core-5.0.3.jar;C:\Users\nadeem.ahmed\.m2\repository\org\apache\commons\commons-lang3\3.4\commons-lang3-3.4.jar;C:\Users\nadeem.ahmed\.m2\repository\org\json\json\20140107\json-20140107.jar;"/>
    <property name="sun.cpu.endian" value="little"/>
    <property name="user.home" value="C:\Users\nadeem.ahmed"/>
    <property name="user.language" value="en"/>
    <property name="java.specification.vendor" value="Oracle Corporation"/>
    <property name="java.home" value="C:\Program Files\Java\jdk1.8.0_112\jre"/>
    <property name="basedir" value="D:\workspaces\workspace-eoqp\energy-subscriptionmachineadapter"/>
    <property name="file.separator" value="\"/>
    <property name="line.separator" value="&#10;"/>
    <property name="java.vm.specification.vendor" value="Oracle Corporation"/>
    <property name="java.specification.name" value="Java Platform API Specification"/>
    <property name="java.awt.graphicsenv" value="sun.awt.Win32GraphicsEnvironment"/>
    <property name="surefire.real.class.path" value="C:\Users\NADEEM~1.AHM\AppData\Local\Temp\surefire7475533004441346774\surefirebooter7831129940222099107.jar"/>
    <property name="sun.boot.class.path" value="C:\Program Files\Java\jdk1.8.0_112\jre\lib\resources.jar;C:\Program Files\Java\jdk1.8.0_112\jre\lib\rt.jar;C:\Program Files\Java\jdk1.8.0_112\jre\lib\sunrsasign.jar;C:\Program Files\Java\jdk1.8.0_112\jre\lib\jsse.jar;C:\Program Files\Java\jdk1.8.0_112\jre\lib\jce.jar;C:\Program Files\Java\jdk1.8.0_112\jre\lib\charsets.jar;C:\Program Files\Java\jdk1.8.0_112\jre\lib\jfr.jar;C:\Program Files\Java\jdk1.8.0_112\jre\classes"/>
    <property name="user.script" value=""/>
    <property name="sun.management.compiler" value="HotSpot 64-Bit Tiered Compilers"/>
    <property name="java.runtime.version" value="1.8.0_112-b15"/>
    <property name="user.name" value="Nadeem.Ahmed"/>
    <property name="path.separator" value=";"/>
    <property name="os.version" value="10.0"/>
    <property name="java.endorsed.dirs" value="C:\Program Files\Java\jdk1.8.0_112\jre\lib\endorsed"/>
    <property name="java.runtime.name" value="Java(TM) SE Runtime Environment"/>
    <property name="file.encoding" value="Cp1252"/>
    <property name="java.vm.name" value="Java HotSpot(TM) 64-Bit Server VM"/>
    <property name="localRepository" value="C:\Users\nadeem.ahmed\.m2\repository"/>
    <property name="java.vendor.url.bug" value="http://bugreport.sun.com/bugreport/"/>
    <property name="java.io.tmpdir" value="C:\Users\NADEEM~1.AHM\AppData\Local\Temp\"/>
    <property name="java.version" value="1.8.0_112"/>
    <property name="user.dir" value="D:\workspaces\workspace-eoqp\energy-subscriptionmachineadapter"/>
    <property name="os.arch" value="amd64"/>
    <property name="java.vm.specification.name" value="Java Virtual Machine Specification"/>
    <property name="java.awt.printerjob" value="sun.awt.windows.WPrinterJob"/>
    <property name="sun.os.patch.level" value=""/>
    <property name="java.library.path" value="C:\Program Files\Java\jdk1.8.0_112\jre\bin;C:\Windows\Sun\Java\bin;C:\Windows\system32;C:\Windows;C:/Program Files/Java/jdk1.8.0_112/bin/../jre/bin/server;C:/Program Files/Java/jdk1.8.0_112/bin/../jre/bin;C:/Program Files/Java/jdk1.8.0_112/bin/../jre/lib/amd64;C:\app\Nadeem.Ahmed\product\11.2.0\dbhome_2\bin;C:\app\Nadeem.Ahmed\product\11.2.0\dbhome_1\bin;C:\Program Files\Java\jdk1.8.0_112\bin;C:\Program Files (x86)\Intel\iCLS Client\;C:\Program Files\Intel\iCLS Client\;C:\Windows\system32;C:\Windows;C:\Windows\System32\Wbem;C:\Windows\System32\WindowsPowerShell\v1.0\;C:\Program Files (x86)\Intel\Intel(R) Management Engine Components\DAL;C:\Program Files\Intel\Intel(R) Management Engine Components\DAL;C:\Program Files (x86)\Intel\Intel(R) Management Engine Components\IPT;C:\Program Files\Intel\Intel(R) Management Engine Components\IPT;C:\Program Files (x86)\Skype\Phone\;C:\Program Files\CloudFoundry;C:\Program Files\apache-maven-3.3.9\bin;C:\Program Files\Git\cmd;C:\Program Files\cf-uaac-master\bin;C:\Program Files\Ruby23-x64\bin;C:\Program Files\MATLAB\MATLAB Production Server\R2015a\runtime\win64;C:\Program Files\MATLAB\MATLAB Production Server\R2015a\bin;C:\Program Files\MATLAB\MATLAB Production Server\R2015a\polyspace\bin;C:\Program Files\nodejs\;C:\Program Files\Dell\Dell Data Protection\Drivers\TSS\bin\;C:\Program Files\jEdit;C:\Program Files\apache-ant-1.10.1\bin;C:\Program Files\apache-tomcat-8.5.15\bin;C:\Program Files\Intel\WiFi\bin\;C:\Program Files\Common Files\Intel\WirelessCommon\;C:\Python36\Scripts\;C:\Python36\;C:\Ruby22-x64\bin;C:\Users\nadeem.ahmed\AppData\Local\Microsoft\WindowsApps;C:\Users\nadeem.ahmed\AppData\Roaming\npm;C:\Users\nadeem.ahmed\AppData\Local\atom\bin;D:\eclipse-ides\eclipse-jee-neon-2-win32-x86_64;;."/>
    <property name="java.vm.info" value="mixed mode"/>
    <property name="java.vendor" value="Oracle Corporation"/>
    <property name="java.vm.version" value="25.112-b15"/>
    <property name="java.ext.dirs" value="C:\Program Files\Java\jdk1.8.0_112\jre\lib\ext;C:\Windows\Sun\Java\lib\ext"/>
    <property name="sun.io.unicode.encoding" value="UnicodeLittle"/>
    <property name="java.class.version" value="52.0"/>
  </properties>
  <testcase name="testApp" classname="com.ge.dspmicro.AppTest" time="0.001"/>
</testsuite>